<?xml version="1.0" encoding="UTF-8"?>
<testng-results skipped="0" failed="1" ignored="0" total="6" passed="5">
  <reporter-output>
  </reporter-output>
  <suite name="Hub spot Test automtion regression suite" duration-ms="71116" started-at="2020-07-29T04:21:53Z" finished-at="2020-07-29T04:23:04Z">
    <groups>
    </groups>
    <test name="HubSpot Testing - login" duration-ms="30872" started-at="2020-07-29T04:21:53Z" finished-at="2020-07-29T04:22:24Z">
      <class name="com.qa.hubspot.tests.LoginPagetest">
        <test-method status="PASS" signature="setup()[pri:0, instance:com.qa.hubspot.tests.LoginPagetest@e362c57]" name="setup" is-config="true" duration-ms="12442" started-at="2020-07-29T04:21:53Z" finished-at="2020-07-29T04:22:05Z">
          <reporter-output>
          </reporter-output>
        </test-method> <!-- setup -->
        <test-method status="PASS" signature="verifyTitle()[pri:1, instance:com.qa.hubspot.tests.LoginPagetest@e362c57]" name="verifyTitle" duration-ms="16073" started-at="2020-07-29T04:22:06Z" finished-at="2020-07-29T04:22:22Z">
          <reporter-output>
          </reporter-output>
        </test-method> <!-- verifyTitle -->
        <test-method status="PASS" signature="verifySignupLinkisdisplayed()[pri:2, instance:com.qa.hubspot.tests.LoginPagetest@e362c57]" name="verifySignupLinkisdisplayed" duration-ms="114" started-at="2020-07-29T04:22:22Z" finished-at="2020-07-29T04:22:22Z">
          <reporter-output>
          </reporter-output>
        </test-method> <!-- verifySignupLinkisdisplayed -->
        <test-method status="PASS" signature="verifyLogin()[pri:3, instance:com.qa.hubspot.tests.LoginPagetest@e362c57]" name="verifyLogin" duration-ms="942" started-at="2020-07-29T04:22:22Z" finished-at="2020-07-29T04:22:23Z">
          <reporter-output>
          </reporter-output>
        </test-method> <!-- verifyLogin -->
        <test-method status="PASS" signature="tear_down()[pri:0, instance:com.qa.hubspot.tests.LoginPagetest@e362c57]" name="tear_down" is-config="true" duration-ms="785" started-at="2020-07-29T04:22:23Z" finished-at="2020-07-29T04:22:24Z">
          <reporter-output>
          </reporter-output>
        </test-method> <!-- tear_down -->
      </class> <!-- com.qa.hubspot.tests.LoginPagetest -->
    </test> <!-- HubSpot Testing - login -->
    <test name="HubSpot Testing - Homepage" duration-ms="40191" started-at="2020-07-29T04:22:24Z" finished-at="2020-07-29T04:23:04Z">
      <class name="com.qa.hubspot.tests.HomePageTest">
        <test-method status="PASS" signature="setup()[pri:0, instance:com.qa.hubspot.tests.HomePageTest@130a0f66]" name="setup" is-config="true" duration-ms="6090" started-at="2020-07-29T04:22:24Z" finished-at="2020-07-29T04:22:30Z">
          <reporter-output>
          </reporter-output>
        </test-method> <!-- setup -->
        <test-method status="PASS" signature="homePageSetup()[pri:0, instance:com.qa.hubspot.tests.HomePageTest@130a0f66]" name="homePageSetup" is-config="true" duration-ms="13329" started-at="2020-07-29T04:22:30Z" finished-at="2020-07-29T04:22:43Z">
          <reporter-output>
          </reporter-output>
        </test-method> <!-- homePageSetup -->
        <test-method status="PASS" signature="verifyHomePageTitle()[pri:1, instance:com.qa.hubspot.tests.HomePageTest@130a0f66]" name="verifyHomePageTitle" duration-ms="17564" started-at="2020-07-29T04:22:43Z" finished-at="2020-07-29T04:23:01Z">
          <reporter-output>
          </reporter-output>
        </test-method> <!-- verifyHomePageTitle -->
        <test-method status="PASS" signature="verifyHomePageHeader()[pri:2, instance:com.qa.hubspot.tests.HomePageTest@130a0f66]" name="verifyHomePageHeader" duration-ms="892" started-at="2020-07-29T04:23:01Z" finished-at="2020-07-29T04:23:02Z">
          <reporter-output>
          </reporter-output>
        </test-method> <!-- verifyHomePageHeader -->
        <test-method status="FAIL" signature="verifyLoggedinAccountName()[pri:3, instance:com.qa.hubspot.tests.HomePageTest@130a0f66]" name="verifyLoggedinAccountName" duration-ms="97" started-at="2020-07-29T04:23:02Z" finished-at="2020-07-29T04:23:02Z">
          <exception class="java.lang.AssertionError">
            <message>
              <![CDATA[expected [aman] but found [null]]]>
            </message>
            <full-stacktrace>
              <![CDATA[java.lang.AssertionError: expected [aman] but found [null]
at org.testng.Assert.fail(Assert.java:96)
at org.testng.Assert.failNotEquals(Assert.java:776)
at org.testng.Assert.assertEqualsImpl(Assert.java:132)
at org.testng.Assert.assertEquals(Assert.java:118)
at org.testng.Assert.assertEquals(Assert.java:453)
at org.testng.Assert.assertEquals(Assert.java:463)
at com.qa.hubspot.tests.HomePageTest.verifyLoggedinAccountName(HomePageTest.java:56)
at sun.reflect.NativeMethodAccessorImpl.invoke0(Native Method)
at sun.reflect.NativeMethodAccessorImpl.invoke(Unknown Source)
at sun.reflect.DelegatingMethodAccessorImpl.invoke(Unknown Source)
at java.lang.reflect.Method.invoke(Unknown Source)
at org.testng.internal.MethodInvocationHelper.invokeMethod(MethodInvocationHelper.java:124)
at org.testng.internal.Invoker.invokeMethod(Invoker.java:583)
at org.testng.internal.Invoker.invokeTestMethod(Invoker.java:719)
at org.testng.internal.Invoker.invokeTestMethods(Invoker.java:989)
at org.testng.internal.TestMethodWorker.invokeTestMethods(TestMethodWorker.java:125)
at org.testng.internal.TestMethodWorker.run(TestMethodWorker.java:109)
at org.testng.TestRunner.privateRun(TestRunner.java:648)
at org.testng.TestRunner.run(TestRunner.java:505)
at org.testng.SuiteRunner.runTest(SuiteRunner.java:455)
at org.testng.SuiteRunner.runSequentially(SuiteRunner.java:450)
at org.testng.SuiteRunner.privateRun(SuiteRunner.java:415)
at org.testng.SuiteRunner.run(SuiteRunner.java:364)
at org.testng.SuiteRunnerWorker.runSuite(SuiteRunnerWorker.java:52)
at org.testng.SuiteRunnerWorker.run(SuiteRunnerWorker.java:84)
at org.testng.TestNG.runSuitesSequentially(TestNG.java:1208)
at org.testng.TestNG.runSuitesLocally(TestNG.java:1137)
at org.testng.TestNG.runSuites(TestNG.java:1049)
at org.testng.TestNG.run(TestNG.java:1017)
at org.testng.remote.AbstractRemoteTestNG.run(AbstractRemoteTestNG.java:115)
at org.testng.remote.RemoteTestNG.initAndRun(RemoteTestNG.java:251)
at org.testng.remote.RemoteTestNG.main(RemoteTestNG.java:77)
]]>
            </full-stacktrace>
          </exception> <!-- java.lang.AssertionError -->
          <reporter-output>
          </reporter-output>
        </test-method> <!-- verifyLoggedinAccountName -->
        <test-method status="PASS" signature="tear_down()[pri:0, instance:com.qa.hubspot.tests.HomePageTest@130a0f66]" name="tear_down" is-config="true" duration-ms="748" started-at="2020-07-29T04:23:03Z" finished-at="2020-07-29T04:23:04Z">
          <reporter-output>
          </reporter-output>
        </test-method> <!-- tear_down -->
      </class> <!-- com.qa.hubspot.tests.HomePageTest -->
    </test> <!-- HubSpot Testing - Homepage -->
  </suite> <!-- Hub spot Test automtion regression suite -->
</testng-results>
